2023-01-07 00:29:22,874 INFO [main] Starting MypredlozhkabotApplication using Java 18 with PID 12432 (C:\Users\User\Desktop\MyPredlozhkaBot\target\classes started by User in C:\Users\User\Desktop\MyPredlozhkaBot)
2023-01-07 00:29:22,880 DEBUG [main] Running with Spring Boot v3.0.1, Spring v6.0.3
2023-01-07 00:29:22,881 INFO [main] No active profile set, falling back to 1 default profile: "default"
2023-01-07 00:29:24,912 INFO [main] Started MypredlozhkabotApplication in 2.635 seconds (process running for 3.577)
2023-01-07 00:30:14,232 INFO [main] Starting MypredlozhkabotApplication using Java 18 with PID 13888 (C:\Users\User\Desktop\MyPredlozhkaBot\target\classes started by User in C:\Users\User\Desktop\MyPredlozhkaBot)
2023-01-07 00:30:14,244 DEBUG [main] Running with Spring Boot v3.0.1, Spring v6.0.3
2023-01-07 00:30:14,246 INFO [main] No active profile set, falling back to 1 default profile: "default"
2023-01-07 00:30:15,911 INFO [main] Started MypredlozhkabotApplication in 2.154 seconds (process running for 2.845)
2023-01-07 00:34:32,387 INFO [main] Starting MypredlozhkabotApplication using Java 18 with PID 14440 (C:\Users\User\Desktop\MyPredlozhkaBot\target\classes started by User in C:\Users\User\Desktop\MyPredlozhkaBot)
2023-01-07 00:34:32,389 DEBUG [main] Running with Spring Boot v3.0.1, Spring v6.0.3
2023-01-07 00:34:32,391 INFO [main] No active profile set, falling back to 1 default profile: "default"
2023-01-07 00:34:34,210 INFO [main] Started MypredlozhkabotApplication in 2.311 seconds (process running for 3.068)
2023-01-07 00:35:38,726 INFO [main] Starting MypredlozhkabotApplication using Java 18 with PID 15508 (C:\Users\User\Desktop\MyPredlozhkaBot\target\classes started by User in C:\Users\User\Desktop\MyPredlozhkaBot)
2023-01-07 00:35:38,728 DEBUG [main] Running with Spring Boot v3.0.1, Spring v6.0.3
2023-01-07 00:35:38,728 INFO [main] No active profile set, falling back to 1 default profile: "default"
2023-01-07 00:35:40,520 INFO [main] Started MypredlozhkabotApplication in 2.306 seconds (process running for 3.027)
2023-01-07 00:35:45,814 INFO [main] Starting MypredlozhkabotApplication using Java 18 with PID 18176 (C:\Users\User\Desktop\MyPredlozhkaBot\target\classes started by User in C:\Users\User\Desktop\MyPredlozhkaBot)
2023-01-07 00:35:45,816 DEBUG [main] Running with Spring Boot v3.0.1, Spring v6.0.3
2023-01-07 00:35:45,817 INFO [main] No active profile set, falling back to 1 default profile: "default"
2023-01-07 00:35:47,498 INFO [main] Started MypredlozhkabotApplication in 2.159 seconds (process running for 2.892)
2023-01-07 00:36:57,730 INFO [main] Starting MypredlozhkabotApplication using Java 18 with PID 8888 (C:\Users\User\Desktop\MyPredlozhkaBot\target\classes started by User in C:\Users\User\Desktop\MyPredlozhkaBot)
2023-01-07 00:36:57,731 DEBUG [main] Running with Spring Boot v3.0.1, Spring v6.0.3
2023-01-07 00:36:57,733 INFO [main] No active profile set, falling back to 1 default profile: "default"
2023-01-07 00:36:59,455 INFO [main] Started MypredlozhkabotApplication in 2.317 seconds (process running for 3.151)
2023-01-07 14:06:28,891 INFO [main] Starting MypredlozhkabotApplication using Java 18 with PID 2160 (C:\Users\User\Desktop\MyPredlozhkaBot\target\classes started by User in C:\Users\User\Desktop\MyPredlozhkaBot)
2023-01-07 14:06:28,893 DEBUG [main] Running with Spring Boot v3.0.1, Spring v6.0.3
2023-01-07 14:06:28,893 INFO [main] No active profile set, falling back to 1 default profile: "default"
2023-01-07 14:06:31,014 INFO [main] Started MypredlozhkabotApplication in 2.783 seconds (process running for 3.864)
2023-01-07 14:06:37,411 ERROR [MyPredlozhkaBot Telegram Executor] class org.telegram.telegrambots.meta.api.methods.send.SendPhoto cannot be cast to class org.telegram.telegrambots.meta.api.methods.send.SendMediaGroup (org.telegram.telegrambots.meta.api.methods.send.SendPhoto and org.telegram.telegrambots.meta.api.methods.send.SendMediaGroup are in unnamed module of loader 'app')
java.lang.ClassCastException: class org.telegram.telegrambots.meta.api.methods.send.SendPhoto cannot be cast to class org.telegram.telegrambots.meta.api.methods.send.SendMediaGroup (org.telegram.telegrambots.meta.api.methods.send.SendPhoto and org.telegram.telegrambots.meta.api.methods.send.SendMediaGroup are in unnamed module of loader 'app')
	at com.ognevoydev.mypredlozhkabot.bot.ChatManager.send(ChatManager.java:42)
	at com.ognevoydev.mypredlozhkabot.bot.ChatManager.sendMessage(ChatManager.java:23)
	at com.ognevoydev.mypredlozhkabot.bot.MyPredlozhkaBot.lambda$onUpdateReceived$0(MyPredlozhkaBot.java:32)
	at java.base/java.util.Optional.ifPresent(Optional.java:178)
	at com.ognevoydev.mypredlozhkabot.bot.MyPredlozhkaBot.onUpdateReceived(MyPredlozhkaBot.java:30)
	at java.base/java.util.ArrayList.forEach(ArrayList.java:1511)
	at org.telegram.telegrambots.meta.generics.LongPollingBot.onUpdatesReceived(LongPollingBot.java:27)
	at org.telegram.telegrambots.updatesreceivers.DefaultBotSession$HandlerThread.run(DefaultBotSession.java:317)
2023-01-07 14:07:17,946 INFO [main] Starting MypredlozhkabotApplication using Java 18 with PID 11480 (C:\Users\User\Desktop\MyPredlozhkaBot\target\classes started by User in C:\Users\User\Desktop\MyPredlozhkaBot)
2023-01-07 14:07:17,949 DEBUG [main] Running with Spring Boot v3.0.1, Spring v6.0.3
2023-01-07 14:07:17,950 INFO [main] No active profile set, falling back to 1 default profile: "default"
2023-01-07 14:07:19,566 INFO [main] Started MypredlozhkabotApplication in 2.08 seconds (process running for 2.753)
2023-01-07 14:08:10,751 INFO [main] Starting MypredlozhkabotApplication using Java 18 with PID 11088 (C:\Users\User\Desktop\MyPredlozhkaBot\target\classes started by User in C:\Users\User\Desktop\MyPredlozhkaBot)
2023-01-07 14:08:10,753 DEBUG [main] Running with Spring Boot v3.0.1, Spring v6.0.3
2023-01-07 14:08:10,754 INFO [main] No active profile set, falling back to 1 default profile: "default"
2023-01-07 14:08:12,439 INFO [main] Started MypredlozhkabotApplication in 2.188 seconds (process running for 2.884)
2023-01-07 14:08:20,503 ERROR [MyPredlozhkaBot Telegram Executor] class org.telegram.telegrambots.meta.api.methods.send.SendPhoto cannot be cast to class org.telegram.telegrambots.meta.api.methods.send.SendMediaGroup (org.telegram.telegrambots.meta.api.methods.send.SendPhoto and org.telegram.telegrambots.meta.api.methods.send.SendMediaGroup are in unnamed module of loader 'app')
java.lang.ClassCastException: class org.telegram.telegrambots.meta.api.methods.send.SendPhoto cannot be cast to class org.telegram.telegrambots.meta.api.methods.send.SendMediaGroup (org.telegram.telegrambots.meta.api.methods.send.SendPhoto and org.telegram.telegrambots.meta.api.methods.send.SendMediaGroup are in unnamed module of loader 'app')
	at com.ognevoydev.mypredlozhkabot.bot.ChatManager.send(ChatManager.java:42)
	at com.ognevoydev.mypredlozhkabot.bot.ChatManager.sendMessage(ChatManager.java:23)
	at com.ognevoydev.mypredlozhkabot.bot.MyPredlozhkaBot.lambda$onUpdateReceived$0(MyPredlozhkaBot.java:32)
	at java.base/java.util.Optional.ifPresent(Optional.java:178)
	at com.ognevoydev.mypredlozhkabot.bot.MyPredlozhkaBot.onUpdateReceived(MyPredlozhkaBot.java:30)
	at java.base/java.util.ArrayList.forEach(ArrayList.java:1511)
	at org.telegram.telegrambots.meta.generics.LongPollingBot.onUpdatesReceived(LongPollingBot.java:27)
	at org.telegram.telegrambots.updatesreceivers.DefaultBotSession$HandlerThread.run(DefaultBotSession.java:317)
2023-01-07 14:43:49,337 INFO [main] Starting MypredlozhkabotApplication using Java 18 with PID 1440 (C:\Users\User\Desktop\MyPredlozhkaBot\target\classes started by User in C:\Users\User\Desktop\MyPredlozhkaBot)
2023-01-07 14:43:49,340 DEBUG [main] Running with Spring Boot v3.0.1, Spring v6.0.3
2023-01-07 14:43:49,341 INFO [main] No active profile set, falling back to 1 default profile: "default"
2023-01-07 14:43:51,058 INFO [main] Started MypredlozhkabotApplication in 2.28 seconds (process running for 3.007)
2023-01-07 14:43:59,717 ERROR [MyPredlozhkaBot Telegram Executor] class org.telegram.telegrambots.meta.api.methods.send.SendPhoto cannot be cast to class org.telegram.telegrambots.meta.api.methods.send.SendMediaGroup (org.telegram.telegrambots.meta.api.methods.send.SendPhoto and org.telegram.telegrambots.meta.api.methods.send.SendMediaGroup are in unnamed module of loader 'app')
java.lang.ClassCastException: class org.telegram.telegrambots.meta.api.methods.send.SendPhoto cannot be cast to class org.telegram.telegrambots.meta.api.methods.send.SendMediaGroup (org.telegram.telegrambots.meta.api.methods.send.SendPhoto and org.telegram.telegrambots.meta.api.methods.send.SendMediaGroup are in unnamed module of loader 'app')
	at com.ognevoydev.mypredlozhkabot.bot.ChatManager.send(ChatManager.java:42)
	at com.ognevoydev.mypredlozhkabot.bot.ChatManager.sendMessage(ChatManager.java:23)
	at com.ognevoydev.mypredlozhkabot.bot.MyPredlozhkaBot.lambda$onUpdateReceived$0(MyPredlozhkaBot.java:32)
	at java.base/java.util.Optional.ifPresent(Optional.java:178)
	at com.ognevoydev.mypredlozhkabot.bot.MyPredlozhkaBot.onUpdateReceived(MyPredlozhkaBot.java:30)
	at java.base/java.util.ArrayList.forEach(ArrayList.java:1511)
	at org.telegram.telegrambots.meta.generics.LongPollingBot.onUpdatesReceived(LongPollingBot.java:27)
	at org.telegram.telegrambots.updatesreceivers.DefaultBotSession$HandlerThread.run(DefaultBotSession.java:317)
2023-01-07 14:44:03,476 ERROR [MyPredlozhkaBot Telegram Executor] class org.telegram.telegrambots.meta.api.methods.send.SendPhoto cannot be cast to class org.telegram.telegrambots.meta.api.methods.send.SendMediaGroup (org.telegram.telegrambots.meta.api.methods.send.SendPhoto and org.telegram.telegrambots.meta.api.methods.send.SendMediaGroup are in unnamed module of loader 'app')
java.lang.ClassCastException: class org.telegram.telegrambots.meta.api.methods.send.SendPhoto cannot be cast to class org.telegram.telegrambots.meta.api.methods.send.SendMediaGroup (org.telegram.telegrambots.meta.api.methods.send.SendPhoto and org.telegram.telegrambots.meta.api.methods.send.SendMediaGroup are in unnamed module of loader 'app')
	at com.ognevoydev.mypredlozhkabot.bot.ChatManager.send(ChatManager.java:42)
	at com.ognevoydev.mypredlozhkabot.bot.ChatManager.sendMessage(ChatManager.java:23)
	at com.ognevoydev.mypredlozhkabot.bot.MyPredlozhkaBot.lambda$onUpdateReceived$0(MyPredlozhkaBot.java:32)
	at java.base/java.util.Optional.ifPresent(Optional.java:178)
	at com.ognevoydev.mypredlozhkabot.bot.MyPredlozhkaBot.onUpdateReceived(MyPredlozhkaBot.java:30)
	at java.base/java.util.ArrayList.forEach(ArrayList.java:1511)
	at org.telegram.telegrambots.meta.generics.LongPollingBot.onUpdatesReceived(LongPollingBot.java:27)
	at org.telegram.telegrambots.updatesreceivers.DefaultBotSession$HandlerThread.run(DefaultBotSession.java:317)
2023-01-07 14:44:10,375 ERROR [MyPredlozhkaBot Telegram Executor] class org.telegram.telegrambots.meta.api.methods.send.SendPhoto cannot be cast to class org.telegram.telegrambots.meta.api.methods.send.SendMediaGroup (org.telegram.telegrambots.meta.api.methods.send.SendPhoto and org.telegram.telegrambots.meta.api.methods.send.SendMediaGroup are in unnamed module of loader 'app')
java.lang.ClassCastException: class org.telegram.telegrambots.meta.api.methods.send.SendPhoto cannot be cast to class org.telegram.telegrambots.meta.api.methods.send.SendMediaGroup (org.telegram.telegrambots.meta.api.methods.send.SendPhoto and org.telegram.telegrambots.meta.api.methods.send.SendMediaGroup are in unnamed module of loader 'app')
	at com.ognevoydev.mypredlozhkabot.bot.ChatManager.send(ChatManager.java:42)
	at com.ognevoydev.mypredlozhkabot.bot.ChatManager.sendMessage(ChatManager.java:23)
	at com.ognevoydev.mypredlozhkabot.bot.MyPredlozhkaBot.lambda$onUpdateReceived$0(MyPredlozhkaBot.java:32)
	at java.base/java.util.Optional.ifPresent(Optional.java:178)
	at com.ognevoydev.mypredlozhkabot.bot.MyPredlozhkaBot.onUpdateReceived(MyPredlozhkaBot.java:30)
	at java.base/java.util.ArrayList.forEach(ArrayList.java:1511)
	at org.telegram.telegrambots.meta.generics.LongPollingBot.onUpdatesReceived(LongPollingBot.java:27)
	at org.telegram.telegrambots.updatesreceivers.DefaultBotSession$HandlerThread.run(DefaultBotSession.java:317)
2023-01-07 14:44:15,086 ERROR [MyPredlozhkaBot Telegram Executor] class org.telegram.telegrambots.meta.api.methods.send.SendPhoto cannot be cast to class org.telegram.telegrambots.meta.api.methods.send.SendMediaGroup (org.telegram.telegrambots.meta.api.methods.send.SendPhoto and org.telegram.telegrambots.meta.api.methods.send.SendMediaGroup are in unnamed module of loader 'app')
java.lang.ClassCastException: class org.telegram.telegrambots.meta.api.methods.send.SendPhoto cannot be cast to class org.telegram.telegrambots.meta.api.methods.send.SendMediaGroup (org.telegram.telegrambots.meta.api.methods.send.SendPhoto and org.telegram.telegrambots.meta.api.methods.send.SendMediaGroup are in unnamed module of loader 'app')
	at com.ognevoydev.mypredlozhkabot.bot.ChatManager.send(ChatManager.java:42)
	at com.ognevoydev.mypredlozhkabot.bot.ChatManager.sendMessage(ChatManager.java:23)
	at com.ognevoydev.mypredlozhkabot.bot.MyPredlozhkaBot.lambda$onUpdateReceived$0(MyPredlozhkaBot.java:32)
	at java.base/java.util.Optional.ifPresent(Optional.java:178)
	at com.ognevoydev.mypredlozhkabot.bot.MyPredlozhkaBot.onUpdateReceived(MyPredlozhkaBot.java:30)
	at java.base/java.util.ArrayList.forEach(ArrayList.java:1511)
	at org.telegram.telegrambots.meta.generics.LongPollingBot.onUpdatesReceived(LongPollingBot.java:27)
	at org.telegram.telegrambots.updatesreceivers.DefaultBotSession$HandlerThread.run(DefaultBotSession.java:317)
2023-01-07 14:46:52,519 INFO [main] Starting MypredlozhkabotApplication using Java 18 with PID 17108 (C:\Users\User\Desktop\MyPredlozhkaBot\target\classes started by User in C:\Users\User\Desktop\MyPredlozhkaBot)
2023-01-07 14:46:52,521 DEBUG [main] Running with Spring Boot v3.0.1, Spring v6.0.3
2023-01-07 14:46:52,522 INFO [main] No active profile set, falling back to 1 default profile: "default"
2023-01-07 14:46:54,462 INFO [main] Started MypredlozhkabotApplication in 2.42 seconds (process running for 3.161)
2023-01-07 14:47:02,005 ERROR [MyPredlozhkaBot Telegram Executor] class org.telegram.telegrambots.meta.api.methods.send.SendPhoto cannot be cast to class org.telegram.telegrambots.meta.api.methods.send.SendMediaGroup (org.telegram.telegrambots.meta.api.methods.send.SendPhoto and org.telegram.telegrambots.meta.api.methods.send.SendMediaGroup are in unnamed module of loader 'app')
java.lang.ClassCastException: class org.telegram.telegrambots.meta.api.methods.send.SendPhoto cannot be cast to class org.telegram.telegrambots.meta.api.methods.send.SendMediaGroup (org.telegram.telegrambots.meta.api.methods.send.SendPhoto and org.telegram.telegrambots.meta.api.methods.send.SendMediaGroup are in unnamed module of loader 'app')
	at com.ognevoydev.mypredlozhkabot.bot.ChatManager.send(ChatManager.java:42)
	at com.ognevoydev.mypredlozhkabot.bot.ChatManager.sendMessage(ChatManager.java:23)
	at com.ognevoydev.mypredlozhkabot.bot.MyPredlozhkaBot.lambda$onUpdateReceived$0(MyPredlozhkaBot.java:32)
	at java.base/java.util.Optional.ifPresent(Optional.java:178)
	at com.ognevoydev.mypredlozhkabot.bot.MyPredlozhkaBot.onUpdateReceived(MyPredlozhkaBot.java:30)
	at java.base/java.util.ArrayList.forEach(ArrayList.java:1511)
	at org.telegram.telegrambots.meta.generics.LongPollingBot.onUpdatesReceived(LongPollingBot.java:27)
	at org.telegram.telegrambots.updatesreceivers.DefaultBotSession$HandlerThread.run(DefaultBotSession.java:317)
2023-01-07 14:47:07,598 ERROR [MyPredlozhkaBot Telegram Executor] class org.telegram.telegrambots.meta.api.methods.send.SendPhoto cannot be cast to class org.telegram.telegrambots.meta.api.methods.send.SendMediaGroup (org.telegram.telegrambots.meta.api.methods.send.SendPhoto and org.telegram.telegrambots.meta.api.methods.send.SendMediaGroup are in unnamed module of loader 'app')
java.lang.ClassCastException: class org.telegram.telegrambots.meta.api.methods.send.SendPhoto cannot be cast to class org.telegram.telegrambots.meta.api.methods.send.SendMediaGroup (org.telegram.telegrambots.meta.api.methods.send.SendPhoto and org.telegram.telegrambots.meta.api.methods.send.SendMediaGroup are in unnamed module of loader 'app')
	at com.ognevoydev.mypredlozhkabot.bot.ChatManager.send(ChatManager.java:42)
	at com.ognevoydev.mypredlozhkabot.bot.ChatManager.sendMessage(ChatManager.java:23)
	at com.ognevoydev.mypredlozhkabot.bot.MyPredlozhkaBot.lambda$onUpdateReceived$0(MyPredlozhkaBot.java:32)
	at java.base/java.util.Optional.ifPresent(Optional.java:178)
	at com.ognevoydev.mypredlozhkabot.bot.MyPredlozhkaBot.onUpdateReceived(MyPredlozhkaBot.java:30)
	at java.base/java.util.ArrayList.forEach(ArrayList.java:1511)
	at org.telegram.telegrambots.meta.generics.LongPollingBot.onUpdatesReceived(LongPollingBot.java:27)
	at org.telegram.telegrambots.updatesreceivers.DefaultBotSession$HandlerThread.run(DefaultBotSession.java:317)
2023-01-07 15:12:04,448 INFO [main] Starting MypredlozhkabotApplication using Java 18 with PID 12120 (C:\Users\User\Desktop\MyPredlozhkaBot\target\classes started by User in C:\Users\User\Desktop\MyPredlozhkaBot)
2023-01-07 15:12:04,452 DEBUG [main] Running with Spring Boot v3.0.1, Spring v6.0.3
2023-01-07 15:12:04,453 INFO [main] No active profile set, falling back to 1 default profile: "default"
2023-01-07 15:12:06,238 INFO [main] Started MypredlozhkabotApplication in 2.318 seconds (process running for 2.969)
2023-01-07 15:12:15,986 ERROR [MyPredlozhkaBot Telegram Executor] Cannot invoke "String.isEmpty()" because "this.text" is null
java.lang.NullPointerException: Cannot invoke "String.isEmpty()" because "this.text" is null
	at org.telegram.telegrambots.meta.api.methods.send.SendMessage.validate(SendMessage.java:137)
	at org.telegram.telegrambots.bots.DefaultAbsSender.sendMethodRequest(DefaultAbsSender.java:1097)
	at org.telegram.telegrambots.bots.DefaultAbsSender.sendApiMethod(DefaultAbsSender.java:1071)
	at org.telegram.telegrambots.meta.bots.AbsSender.execute(AbsSender.java:64)
	at com.ognevoydev.mypredlozhkabot.bot.ChatManager.send(ChatManager.java:32)
	at com.ognevoydev.mypredlozhkabot.bot.ChatManager.sendMessage(ChatManager.java:23)
	at com.ognevoydev.mypredlozhkabot.bot.MyPredlozhkaBot.lambda$onUpdateReceived$0(MyPredlozhkaBot.java:32)
	at java.base/java.util.Optional.ifPresent(Optional.java:178)
	at com.ognevoydev.mypredlozhkabot.bot.MyPredlozhkaBot.onUpdateReceived(MyPredlozhkaBot.java:30)
	at java.base/java.util.ArrayList.forEach(ArrayList.java:1511)
	at org.telegram.telegrambots.meta.generics.LongPollingBot.onUpdatesReceived(LongPollingBot.java:27)
	at org.telegram.telegrambots.updatesreceivers.DefaultBotSession$HandlerThread.run(DefaultBotSession.java:317)
2023-01-07 15:13:04,421 INFO [main] Starting MypredlozhkabotApplication using Java 18 with PID 18428 (C:\Users\User\Desktop\MyPredlozhkaBot\target\classes started by User in C:\Users\User\Desktop\MyPredlozhkaBot)
2023-01-07 15:13:04,422 DEBUG [main] Running with Spring Boot v3.0.1, Spring v6.0.3
2023-01-07 15:13:04,423 INFO [main] No active profile set, falling back to 1 default profile: "default"
2023-01-07 15:13:06,193 INFO [main] Started MypredlozhkabotApplication in 2.236 seconds (process running for 2.971)
2023-01-07 15:13:11,849 ERROR [MyPredlozhkaBot Telegram Executor] Error occurred: Text parameter can't be empty
2023-01-07 15:16:08,952 INFO [main] Starting MypredlozhkabotApplication using Java 18 with PID 15668 (C:\Users\User\Desktop\MyPredlozhkaBot\target\classes started by User in C:\Users\User\Desktop\MyPredlozhkaBot)
2023-01-07 15:16:08,954 DEBUG [main] Running with Spring Boot v3.0.1, Spring v6.0.3
2023-01-07 15:16:08,954 INFO [main] No active profile set, falling back to 1 default profile: "default"
2023-01-07 15:16:10,635 INFO [main] Started MypredlozhkabotApplication in 2.179 seconds (process running for 2.918)
2023-01-07 15:16:17,037 ERROR [MyPredlozhkaBot Telegram Executor] Error occurred: Text parameter can't be empty
2023-01-07 15:17:25,296 INFO [main] Starting MypredlozhkabotApplication using Java 18 with PID 3664 (C:\Users\User\Desktop\MyPredlozhkaBot\target\classes started by User in C:\Users\User\Desktop\MyPredlozhkaBot)
2023-01-07 15:17:25,297 DEBUG [main] Running with Spring Boot v3.0.1, Spring v6.0.3
2023-01-07 15:17:25,298 INFO [main] No active profile set, falling back to 1 default profile: "default"
2023-01-07 15:17:27,055 INFO [main] Started MypredlozhkabotApplication in 2.234 seconds (process running for 2.892)
2023-01-07 15:17:38,519 ERROR [MyPredlozhkaBot Telegram Executor] Error occurred: Text parameter can't be empty
2023-01-07 15:17:40,420 ERROR [MyPredlozhkaBot Telegram Executor] Error occurred: Text parameter can't be empty
2023-01-07 15:17:42,515 ERROR [MyPredlozhkaBot Telegram Executor] Error occurred: Text parameter can't be empty
2023-01-07 15:17:44,607 ERROR [MyPredlozhkaBot Telegram Executor] Error occurred: Text parameter can't be empty
2023-01-07 15:17:44,787 ERROR [MyPredlozhkaBot Telegram Executor] Error occurred: Text parameter can't be empty
2023-01-07 15:17:49,990 ERROR [MyPredlozhkaBot Telegram Executor] Error occurred: Text parameter can't be empty
2023-01-07 15:18:33,300 INFO [main] Starting MypredlozhkabotApplication using Java 18 with PID 6752 (C:\Users\User\Desktop\MyPredlozhkaBot\target\classes started by User in C:\Users\User\Desktop\MyPredlozhkaBot)
2023-01-07 15:18:33,302 DEBUG [main] Running with Spring Boot v3.0.1, Spring v6.0.3
2023-01-07 15:18:33,303 INFO [main] No active profile set, falling back to 1 default profile: "default"
2023-01-07 15:18:35,080 INFO [main] Started MypredlozhkabotApplication in 2.341 seconds (process running for 3.059)
2023-01-07 15:18:42,593 ERROR [MyPredlozhkaBot Telegram Executor] Error occurred: Text parameter can't be empty
2023-01-07 15:18:44,440 ERROR [MyPredlozhkaBot Telegram Executor] Error occurred: Text parameter can't be empty
2023-01-07 15:18:49,149 ERROR [MyPredlozhkaBot Telegram Executor] Error occurred: Text parameter can't be empty
2023-01-07 15:18:49,308 ERROR [MyPredlozhkaBot Telegram Executor] Error occurred: Text parameter can't be empty
2023-01-07 15:18:51,831 ERROR [MyPredlozhkaBot Telegram Executor] Error occurred: Text parameter can't be empty
2023-01-07 15:19:10,045 ERROR [MyPredlozhkaBot Telegram Executor] Error occurred: Text parameter can't be empty
2023-01-07 15:19:13,546 ERROR [MyPredlozhkaBot Telegram Executor] Error occurred: Text parameter can't be empty
2023-01-07 15:19:13,768 ERROR [MyPredlozhkaBot Telegram Executor] Error occurred: Text parameter can't be empty
2023-01-07 15:19:16,510 ERROR [MyPredlozhkaBot Telegram Executor] Error occurred: Text parameter can't be empty
2023-01-07 15:19:19,578 ERROR [MyPredlozhkaBot Telegram Executor] Error occurred: Text parameter can't be empty
2023-01-07 15:19:19,778 ERROR [MyPredlozhkaBot Telegram Executor] Error occurred: Text parameter can't be empty
2023-01-07 15:19:31,706 ERROR [MyPredlozhkaBot Telegram Executor] Error occurred: Text parameter can't be empty
2023-01-07 15:19:34,283 ERROR [MyPredlozhkaBot Telegram Executor] Error occurred: Text parameter can't be empty
2023-01-07 15:19:34,625 ERROR [MyPredlozhkaBot Telegram Executor] Error occurred: Text parameter can't be empty
2023-01-07 15:22:38,156 INFO [main] Starting MypredlozhkabotApplication using Java 18 with PID 5076 (C:\Users\User\Desktop\MyPredlozhkaBot\target\classes started by User in C:\Users\User\Desktop\MyPredlozhkaBot)
2023-01-07 15:22:38,158 DEBUG [main] Running with Spring Boot v3.0.1, Spring v6.0.3
2023-01-07 15:22:38,159 INFO [main] No active profile set, falling back to 1 default profile: "default"
2023-01-07 15:22:39,944 INFO [main] Started MypredlozhkabotApplication in 2.279 seconds (process running for 3.082)
2023-01-07 15:22:45,577 ERROR [MyPredlozhkaBot Telegram Executor] Error occurred: Number of media should be between 2 and 10
2023-01-07 15:22:46,582 ERROR [MyPredlozhkaBot Telegram Executor] Error occurred: Number of media should be between 2 and 10
2023-01-07 15:22:48,378 ERROR [MyPredlozhkaBot Telegram Executor] Error occurred: Number of media should be between 2 and 10
2023-01-07 15:22:49,392 ERROR [MyPredlozhkaBot Telegram Executor] Error occurred: Number of media should be between 2 and 10
2023-01-07 15:24:57,483 INFO [main] Starting MypredlozhkabotApplication using Java 18 with PID 7704 (C:\Users\User\Desktop\MyPredlozhkaBot\target\classes started by User in C:\Users\User\Desktop\MyPredlozhkaBot)
2023-01-07 15:24:57,484 DEBUG [main] Running with Spring Boot v3.0.1, Spring v6.0.3
2023-01-07 15:24:57,486 INFO [main] No active profile set, falling back to 1 default profile: "default"
2023-01-07 15:24:59,245 INFO [main] Started MypredlozhkabotApplication in 2.382 seconds (process running for 3.266)
2023-01-07 15:25:01,832 ERROR [MyPredlozhkaBot Telegram Executor] Error occurred: Number of media should be between 2 and 10
2023-01-07 15:25:02,840 ERROR [MyPredlozhkaBot Telegram Executor] Error occurred: Number of media should be between 2 and 10
2023-01-07 15:25:05,234 ERROR [MyPredlozhkaBot Telegram Executor] Error occurred: Number of media should be between 2 and 10
2023-01-07 15:25:06,249 ERROR [MyPredlozhkaBot Telegram Executor] Error occurred: Number of media should be between 2 and 10
2023-01-07 15:27:43,323 INFO [main] Starting MypredlozhkabotApplication using Java 18 with PID 7848 (C:\Users\User\Desktop\MyPredlozhkaBot\target\classes started by User in C:\Users\User\Desktop\MyPredlozhkaBot)
2023-01-07 15:27:43,325 DEBUG [main] Running with Spring Boot v3.0.1, Spring v6.0.3
2023-01-07 15:27:43,327 INFO [main] No active profile set, falling back to 1 default profile: "default"
2023-01-07 15:27:45,224 INFO [main] Started MypredlozhkabotApplication in 2.544 seconds (process running for 3.376)
2023-01-07 15:27:48,568 ERROR [MyPredlozhkaBot Telegram Executor] Cannot invoke "Object.getClass()" because the return value of "com.ognevoydev.mypredlozhkabot.model.Reply.getMessage()" is null
java.lang.NullPointerException: Cannot invoke "Object.getClass()" because the return value of "com.ognevoydev.mypredlozhkabot.model.Reply.getMessage()" is null
	at com.ognevoydev.mypredlozhkabot.bot.ChatManager.send(ChatManager.java:31)
	at com.ognevoydev.mypredlozhkabot.bot.ChatManager.sendMessage(ChatManager.java:23)
	at com.ognevoydev.mypredlozhkabot.bot.MyPredlozhkaBot.lambda$onUpdateReceived$0(MyPredlozhkaBot.java:32)
	at java.base/java.util.Optional.ifPresent(Optional.java:178)
	at com.ognevoydev.mypredlozhkabot.bot.MyPredlozhkaBot.onUpdateReceived(MyPredlozhkaBot.java:30)
	at java.base/java.util.ArrayList.forEach(ArrayList.java:1511)
	at org.telegram.telegrambots.meta.generics.LongPollingBot.onUpdatesReceived(LongPollingBot.java:27)
	at org.telegram.telegrambots.updatesreceivers.DefaultBotSession$HandlerThread.run(DefaultBotSession.java:317)
2023-01-07 15:27:52,073 ERROR [MyPredlozhkaBot Telegram Executor] Cannot invoke "Object.getClass()" because the return value of "com.ognevoydev.mypredlozhkabot.model.Reply.getMessage()" is null
java.lang.NullPointerException: Cannot invoke "Object.getClass()" because the return value of "com.ognevoydev.mypredlozhkabot.model.Reply.getMessage()" is null
	at com.ognevoydev.mypredlozhkabot.bot.ChatManager.send(ChatManager.java:31)
	at com.ognevoydev.mypredlozhkabot.bot.ChatManager.sendMessage(ChatManager.java:23)
	at com.ognevoydev.mypredlozhkabot.bot.MyPredlozhkaBot.lambda$onUpdateReceived$0(MyPredlozhkaBot.java:32)
	at java.base/java.util.Optional.ifPresent(Optional.java:178)
	at com.ognevoydev.mypredlozhkabot.bot.MyPredlozhkaBot.onUpdateReceived(MyPredlozhkaBot.java:30)
	at java.base/java.util.ArrayList.forEach(ArrayList.java:1511)
	at org.telegram.telegrambots.meta.generics.LongPollingBot.onUpdatesReceived(LongPollingBot.java:27)
	at org.telegram.telegrambots.updatesreceivers.DefaultBotSession$HandlerThread.run(DefaultBotSession.java:317)
2023-01-07 15:36:44,875 INFO [main] Starting MypredlozhkabotApplication using Java 18 with PID 16804 (C:\Users\User\Desktop\MyPredlozhkaBot\target\classes started by User in C:\Users\User\Desktop\MyPredlozhkaBot)
2023-01-07 15:36:44,876 DEBUG [main] Running with Spring Boot v3.0.1, Spring v6.0.3
2023-01-07 15:36:44,877 INFO [main] No active profile set, falling back to 1 default profile: "default"
2023-01-07 15:36:46,646 INFO [main] Started MypredlozhkabotApplication in 2.264 seconds (process running for 2.95)
2023-01-07 15:36:52,869 ERROR [MyPredlozhkaBot Telegram Executor] Error occurred: Text parameter can't be empty
2023-01-07 15:36:52,871 ERROR [MyPredlozhkaBot Telegram Executor] Cannot invoke "String.isEmpty()" because "this.chatId" is null
java.lang.NullPointerException: Cannot invoke "String.isEmpty()" because "this.chatId" is null
	at org.telegram.telegrambots.meta.api.methods.updatingmessages.DeleteMessage.validate(DeleteMessage.java:68)
	at org.telegram.telegrambots.bots.DefaultAbsSender.sendMethodRequest(DefaultAbsSender.java:1097)
	at org.telegram.telegrambots.bots.DefaultAbsSender.sendApiMethod(DefaultAbsSender.java:1071)
	at org.telegram.telegrambots.meta.bots.AbsSender.execute(AbsSender.java:64)
	at com.ognevoydev.mypredlozhkabot.bot.ChatManager.send(ChatManager.java:46)
	at com.ognevoydev.mypredlozhkabot.bot.ChatManager.sendMessage(ChatManager.java:25)
	at com.ognevoydev.mypredlozhkabot.bot.MyPredlozhkaBot.lambda$onUpdateReceived$0(MyPredlozhkaBot.java:32)
	at java.base/java.util.Optional.ifPresent(Optional.java:178)
	at com.ognevoydev.mypredlozhkabot.bot.MyPredlozhkaBot.onUpdateReceived(MyPredlozhkaBot.java:30)
	at java.base/java.util.ArrayList.forEach(ArrayList.java:1511)
	at org.telegram.telegrambots.meta.generics.LongPollingBot.onUpdatesReceived(LongPollingBot.java:27)
	at org.telegram.telegrambots.updatesreceivers.DefaultBotSession$HandlerThread.run(DefaultBotSession.java:317)
2023-01-07 15:37:38,244 INFO [main] Starting MypredlozhkabotApplication using Java 18 with PID 10480 (C:\Users\User\Desktop\MyPredlozhkaBot\target\classes started by User in C:\Users\User\Desktop\MyPredlozhkaBot)
2023-01-07 15:37:38,248 DEBUG [main] Running with Spring Boot v3.0.1, Spring v6.0.3
2023-01-07 15:37:38,250 INFO [main] No active profile set, falling back to 1 default profile: "default"
2023-01-07 15:37:40,085 INFO [main] Started MypredlozhkabotApplication in 2.33 seconds (process running for 2.968)
2023-01-07 15:37:42,241 ERROR [MyPredlozhkaBot Telegram Executor] Error occurred: Text parameter can't be empty
2023-01-07 15:37:42,480 ERROR [MyPredlozhkaBot Telegram Executor] Error occurred: Error executing org.telegram.telegrambots.meta.api.methods.send.SendMessage query: [400] Bad Request: replied message not found
2023-01-07 15:37:57,615 ERROR [MyPredlozhkaBot Telegram Executor] Error occurred: Error executing org.telegram.telegrambots.meta.api.methods.send.SendMessage query: [400] Bad Request: replied message not found
2023-01-07 15:37:57,863 ERROR [MyPredlozhkaBot Telegram Executor] Error occurred: Error executing org.telegram.telegrambots.meta.api.methods.send.SendMessage query: [400] Bad Request: replied message not found
2023-01-07 15:40:11,511 INFO [main] Starting MypredlozhkabotApplication using Java 18 with PID 4220 (C:\Users\User\Desktop\MyPredlozhkaBot\target\classes started by User in C:\Users\User\Desktop\MyPredlozhkaBot)
2023-01-07 15:40:11,513 DEBUG [main] Running with Spring Boot v3.0.1, Spring v6.0.3
2023-01-07 15:40:11,515 INFO [main] No active profile set, falling back to 1 default profile: "default"
2023-01-07 15:40:13,204 INFO [main] Started MypredlozhkabotApplication in 2.183 seconds (process running for 2.891)
2023-01-07 15:40:14,760 ERROR [MyPredlozhkaBot Telegram Executor] Cannot parse null string
java.lang.NumberFormatException: Cannot parse null string
	at java.base/java.lang.Integer.parseInt(Integer.java:630)
	at java.base/java.lang.Integer.parseInt(Integer.java:784)
	at com.ognevoydev.mypredlozhkabot.handler.impl.post.MediaGroupPostHandler.handle(MediaGroupPostHandler.java:44)
	at com.ognevoydev.mypredlozhkabot.handler.impl.MainPostHandler.handle(MainPostHandler.java:30)
	at com.ognevoydev.mypredlozhkabot.handler.impl.MessageHandlerImpl.handleMedia(MessageHandlerImpl.java:41)
	at com.ognevoydev.mypredlozhkabot.handler.impl.MessageHandlerImpl.handle(MessageHandlerImpl.java:32)
	at com.ognevoydev.mypredlozhkabot.handler.impl.UpdateHandlerImpl.handle(UpdateHandlerImpl.java:23)
	at com.ognevoydev.mypredlozhkabot.bot.MyPredlozhkaBot.onUpdateReceived(MyPredlozhkaBot.java:29)
	at java.base/java.util.ArrayList.forEach(ArrayList.java:1511)
	at org.telegram.telegrambots.meta.generics.LongPollingBot.onUpdatesReceived(LongPollingBot.java:27)
	at org.telegram.telegrambots.updatesreceivers.DefaultBotSession$HandlerThread.run(DefaultBotSession.java:317)
2023-01-07 15:40:16,868 ERROR [MyPredlozhkaBot Telegram Executor] Cannot parse null string
java.lang.NumberFormatException: Cannot parse null string
	at java.base/java.lang.Integer.parseInt(Integer.java:630)
	at java.base/java.lang.Integer.parseInt(Integer.java:784)
	at com.ognevoydev.mypredlozhkabot.handler.impl.post.MediaGroupPostHandler.handle(MediaGroupPostHandler.java:44)
	at com.ognevoydev.mypredlozhkabot.handler.impl.MainPostHandler.handle(MainPostHandler.java:30)
	at com.ognevoydev.mypredlozhkabot.handler.impl.MessageHandlerImpl.handleMedia(MessageHandlerImpl.java:41)
	at com.ognevoydev.mypredlozhkabot.handler.impl.MessageHandlerImpl.handle(MessageHandlerImpl.java:32)
	at com.ognevoydev.mypredlozhkabot.handler.impl.UpdateHandlerImpl.handle(UpdateHandlerImpl.java:23)
	at com.ognevoydev.mypredlozhkabot.bot.MyPredlozhkaBot.onUpdateReceived(MyPredlozhkaBot.java:29)
	at java.base/java.util.ArrayList.forEach(ArrayList.java:1511)
	at org.telegram.telegrambots.meta.generics.LongPollingBot.onUpdatesReceived(LongPollingBot.java:27)
	at org.telegram.telegrambots.updatesreceivers.DefaultBotSession$HandlerThread.run(DefaultBotSession.java:317)
2023-01-07 15:42:07,098 INFO [main] Starting MypredlozhkabotApplication using Java 18 with PID 14168 (C:\Users\User\Desktop\MyPredlozhkaBot\target\classes started by User in C:\Users\User\Desktop\MyPredlozhkaBot)
2023-01-07 15:42:07,101 DEBUG [main] Running with Spring Boot v3.0.1, Spring v6.0.3
2023-01-07 15:42:07,101 INFO [main] No active profile set, falling back to 1 default profile: "default"
2023-01-07 15:42:08,828 INFO [main] Started MypredlozhkabotApplication in 2.272 seconds (process running for 3.046)
2023-01-07 15:42:10,350 ERROR [MyPredlozhkaBot Telegram Executor] Error occurred: Text parameter can't be empty
2023-01-07 15:42:10,350 ERROR [MyPredlozhkaBot Telegram Executor] Error occurred: Text parameter can't be empty
2023-01-07 15:42:13,763 ERROR [MyPredlozhkaBot Telegram Executor] Error occurred: Text parameter can't be empty
2023-01-07 15:42:14,138 ERROR [MyPredlozhkaBot Telegram Executor] Error occurred: Text parameter can't be empty
2023-01-07 15:42:14,139 ERROR [MyPredlozhkaBot Telegram Executor] Error occurred: Text parameter can't be empty
2023-01-07 15:58:02,039 INFO [main] Starting MypredlozhkabotApplication using Java 18 with PID 14904 (C:\Users\User\Desktop\MyPredlozhkaBot\target\classes started by User in C:\Users\User\Desktop\MyPredlozhkaBot)
2023-01-07 15:58:02,040 DEBUG [main] Running with Spring Boot v3.0.1, Spring v6.0.3
2023-01-07 15:58:02,041 INFO [main] No active profile set, falling back to 1 default profile: "default"
2023-01-07 15:58:03,700 INFO [main] Started MypredlozhkabotApplication in 2.129 seconds (process running for 2.781)
2023-01-07 15:58:22,437 ERROR [MyPredlozhkaBot Telegram Executor] current thread is not owner
java.lang.IllegalMonitorStateException: current thread is not owner
	at java.base/java.lang.Object.wait(Native Method)
	at java.base/java.lang.Object.wait(Object.java:338)
	at com.ognevoydev.mypredlozhkabot.handler.impl.post.MediaGroupPostHandler.handle(MediaGroupPostHandler.java:58)
	at com.ognevoydev.mypredlozhkabot.handler.impl.MainPostHandler.handle(MainPostHandler.java:30)
	at com.ognevoydev.mypredlozhkabot.handler.impl.MessageHandlerImpl.handleMedia(MessageHandlerImpl.java:41)
	at com.ognevoydev.mypredlozhkabot.handler.impl.MessageHandlerImpl.handle(MessageHandlerImpl.java:32)
	at com.ognevoydev.mypredlozhkabot.handler.impl.UpdateHandlerImpl.handle(UpdateHandlerImpl.java:23)
	at com.ognevoydev.mypredlozhkabot.bot.MyPredlozhkaBot.onUpdateReceived(MyPredlozhkaBot.java:29)
	at java.base/java.util.ArrayList.forEach(ArrayList.java:1511)
	at org.telegram.telegrambots.meta.generics.LongPollingBot.onUpdatesReceived(LongPollingBot.java:27)
	at org.telegram.telegrambots.updatesreceivers.DefaultBotSession$HandlerThread.run(DefaultBotSession.java:317)
2023-01-07 15:58:25,671 ERROR [MyPredlozhkaBot Telegram Executor] current thread is not owner
java.lang.IllegalMonitorStateException: current thread is not owner
	at java.base/java.lang.Object.wait(Native Method)
	at java.base/java.lang.Object.wait(Object.java:338)
	at com.ognevoydev.mypredlozhkabot.handler.impl.post.MediaGroupPostHandler.handle(MediaGroupPostHandler.java:58)
	at com.ognevoydev.mypredlozhkabot.handler.impl.MainPostHandler.handle(MainPostHandler.java:30)
	at com.ognevoydev.mypredlozhkabot.handler.impl.MessageHandlerImpl.handleMedia(MessageHandlerImpl.java:41)
	at com.ognevoydev.mypredlozhkabot.handler.impl.MessageHandlerImpl.handle(MessageHandlerImpl.java:32)
	at com.ognevoydev.mypredlozhkabot.handler.impl.UpdateHandlerImpl.handle(UpdateHandlerImpl.java:23)
	at com.ognevoydev.mypredlozhkabot.bot.MyPredlozhkaBot.onUpdateReceived(MyPredlozhkaBot.java:29)
	at java.base/java.util.ArrayList.forEach(ArrayList.java:1511)
	at org.telegram.telegrambots.meta.generics.LongPollingBot.onUpdatesReceived(LongPollingBot.java:27)
	at org.telegram.telegrambots.updatesreceivers.DefaultBotSession$HandlerThread.run(DefaultBotSession.java:317)
2023-01-07 15:59:15,481 INFO [main] Starting MypredlozhkabotApplication using Java 18 with PID 15656 (C:\Users\User\Desktop\MyPredlozhkaBot\target\classes started by User in C:\Users\User\Desktop\MyPredlozhkaBot)
2023-01-07 15:59:15,482 DEBUG [main] Running with Spring Boot v3.0.1, Spring v6.0.3
2023-01-07 15:59:15,483 INFO [main] No active profile set, falling back to 1 default profile: "default"
2023-01-07 15:59:17,163 INFO [main] Started MypredlozhkabotApplication in 2.2 seconds (process running for 2.924)
2023-01-07 15:59:44,758 ERROR [MyPredlozhkaBot Telegram Executor] Error occurred: Text parameter can't be empty
2023-01-07 15:59:44,760 ERROR [MyPredlozhkaBot Telegram Executor] current thread is not owner
java.lang.IllegalMonitorStateException: current thread is not owner
	at java.base/java.lang.Object.notifyAll(Native Method)
	at com.ognevoydev.mypredlozhkabot.handler.impl.post.MediaGroupPostHandler.handle(MediaGroupPostHandler.java:54)
	at com.ognevoydev.mypredlozhkabot.handler.impl.MainPostHandler.handle(MainPostHandler.java:30)
	at com.ognevoydev.mypredlozhkabot.handler.impl.MessageHandlerImpl.handleMedia(MessageHandlerImpl.java:41)
	at com.ognevoydev.mypredlozhkabot.handler.impl.MessageHandlerImpl.handle(MessageHandlerImpl.java:32)
	at com.ognevoydev.mypredlozhkabot.handler.impl.UpdateHandlerImpl.handle(UpdateHandlerImpl.java:23)
	at com.ognevoydev.mypredlozhkabot.bot.MyPredlozhkaBot.onUpdateReceived(MyPredlozhkaBot.java:29)
	at java.base/java.util.ArrayList.forEach(ArrayList.java:1511)
	at org.telegram.telegrambots.meta.generics.LongPollingBot.onUpdatesReceived(LongPollingBot.java:27)
	at org.telegram.telegrambots.updatesreceivers.DefaultBotSession$HandlerThread.run(DefaultBotSession.java:317)
2023-01-07 16:00:06,603 INFO [main] Starting MypredlozhkabotApplication using Java 18 with PID 8728 (C:\Users\User\Desktop\MyPredlozhkaBot\target\classes started by User in C:\Users\User\Desktop\MyPredlozhkaBot)
2023-01-07 16:00:06,604 DEBUG [main] Running with Spring Boot v3.0.1, Spring v6.0.3
2023-01-07 16:00:06,605 INFO [main] No active profile set, falling back to 1 default profile: "default"
2023-01-07 16:00:08,303 INFO [main] Started MypredlozhkabotApplication in 2.184 seconds (process running for 2.84)
2023-01-07 16:00:12,112 ERROR [MyPredlozhkaBot Telegram Executor] Error occurred: Text parameter can't be empty
2023-01-07 16:00:12,114 ERROR [MyPredlozhkaBot Telegram Executor] current thread is not owner
java.lang.IllegalMonitorStateException: current thread is not owner
	at java.base/java.lang.Object.notifyAll(Native Method)
	at com.ognevoydev.mypredlozhkabot.handler.impl.post.MediaGroupPostHandler.handle(MediaGroupPostHandler.java:54)
	at com.ognevoydev.mypredlozhkabot.handler.impl.MainPostHandler.handle(MainPostHandler.java:30)
	at com.ognevoydev.mypredlozhkabot.handler.impl.MessageHandlerImpl.handleMedia(MessageHandlerImpl.java:41)
	at com.ognevoydev.mypredlozhkabot.handler.impl.MessageHandlerImpl.handle(MessageHandlerImpl.java:32)
	at com.ognevoydev.mypredlozhkabot.handler.impl.UpdateHandlerImpl.handle(UpdateHandlerImpl.java:23)
	at com.ognevoydev.mypredlozhkabot.bot.MyPredlozhkaBot.onUpdateReceived(MyPredlozhkaBot.java:29)
	at java.base/java.util.ArrayList.forEach(ArrayList.java:1511)
	at org.telegram.telegrambots.meta.generics.LongPollingBot.onUpdatesReceived(LongPollingBot.java:27)
	at org.telegram.telegrambots.updatesreceivers.DefaultBotSession$HandlerThread.run(DefaultBotSession.java:317)
2023-01-07 16:00:18,139 ERROR [MyPredlozhkaBot Telegram Executor] current thread is not owner
java.lang.IllegalMonitorStateException: current thread is not owner
	at java.base/java.lang.Object.notifyAll(Native Method)
	at com.ognevoydev.mypredlozhkabot.handler.impl.post.MediaGroupPostHandler.handle(MediaGroupPostHandler.java:54)
	at com.ognevoydev.mypredlozhkabot.handler.impl.MainPostHandler.handle(MainPostHandler.java:30)
	at com.ognevoydev.mypredlozhkabot.handler.impl.MessageHandlerImpl.handleMedia(MessageHandlerImpl.java:41)
	at com.ognevoydev.mypredlozhkabot.handler.impl.MessageHandlerImpl.handle(MessageHandlerImpl.java:32)
	at com.ognevoydev.mypredlozhkabot.handler.impl.UpdateHandlerImpl.handle(UpdateHandlerImpl.java:23)
	at com.ognevoydev.mypredlozhkabot.bot.MyPredlozhkaBot.onUpdateReceived(MyPredlozhkaBot.java:29)
	at java.base/java.util.ArrayList.forEach(ArrayList.java:1511)
	at org.telegram.telegrambots.meta.generics.LongPollingBot.onUpdatesReceived(LongPollingBot.java:27)
	at org.telegram.telegrambots.updatesreceivers.DefaultBotSession$HandlerThread.run(DefaultBotSession.java:317)
2023-01-07 16:00:36,465 INFO [main] Starting MypredlozhkabotApplication using Java 18 with PID 8168 (C:\Users\User\Desktop\MyPredlozhkaBot\target\classes started by User in C:\Users\User\Desktop\MyPredlozhkaBot)
2023-01-07 16:00:36,466 DEBUG [main] Running with Spring Boot v3.0.1, Spring v6.0.3
2023-01-07 16:00:36,467 INFO [main] No active profile set, falling back to 1 default profile: "default"
2023-01-07 16:00:38,159 INFO [main] Started MypredlozhkabotApplication in 2.198 seconds (process running for 2.884)
2023-01-07 16:00:57,248 ERROR [MyPredlozhkaBot Telegram Executor] Error occurred: Text parameter can't be empty
2023-01-07 16:00:59,597 ERROR [MyPredlozhkaBot Telegram Executor] Error occurred: Number of media should be between 2 and 10
2023-01-07 16:00:59,597 ERROR [MyPredlozhkaBot Telegram Executor] Error occurred: Number of media should be between 2 and 10
2023-01-07 16:01:06,291 ERROR [MyPredlozhkaBot Telegram Executor] Error occurred: Number of media should be between 2 and 10
2023-01-07 16:01:06,292 ERROR [MyPredlozhkaBot Telegram Executor] Error occurred: Number of media should be between 2 and 10
2023-01-07 16:01:09,438 ERROR [MyPredlozhkaBot Telegram Executor] Error occurred: Number of media should be between 2 and 10
2023-01-07 16:01:09,439 ERROR [MyPredlozhkaBot Telegram Executor] Error occurred: Number of media should be between 2 and 10
2023-01-07 16:01:37,829 INFO [main] Starting MypredlozhkabotApplication using Java 18 with PID 18168 (C:\Users\User\Desktop\MyPredlozhkaBot\target\classes started by User in C:\Users\User\Desktop\MyPredlozhkaBot)
2023-01-07 16:01:37,831 DEBUG [main] Running with Spring Boot v3.0.1, Spring v6.0.3
2023-01-07 16:01:37,832 INFO [main] No active profile set, falling back to 1 default profile: "default"
2023-01-07 16:01:39,507 INFO [main] Started MypredlozhkabotApplication in 2.149 seconds (process running for 2.782)
2023-01-07 16:01:52,289 ERROR [MyPredlozhkaBot Telegram Executor] Error occurred: Text parameter can't be empty
2023-01-07 16:01:54,926 ERROR [MyPredlozhkaBot Telegram Executor] Error occurred: Text parameter can't be empty
2023-01-07 16:01:58,438 ERROR [MyPredlozhkaBot Telegram Executor] Error occurred: Text parameter can't be empty
2023-01-07 16:01:58,655 ERROR [MyPredlozhkaBot Telegram Executor] Error occurred: Text parameter can't be empty
2023-01-07 16:02:02,063 ERROR [MyPredlozhkaBot Telegram Executor] Error occurred: Text parameter can't be empty
2023-01-07 16:08:20,955 INFO [main] Starting MypredlozhkabotApplication using Java 18 with PID 7240 (C:\Users\User\Desktop\MyPredlozhkaBot\target\classes started by User in C:\Users\User\Desktop\MyPredlozhkaBot)
2023-01-07 16:08:20,957 DEBUG [main] Running with Spring Boot v3.0.1, Spring v6.0.3
2023-01-07 16:08:20,958 INFO [main] No active profile set, falling back to 1 default profile: "default"
2023-01-07 16:08:22,743 INFO [main] Started MypredlozhkabotApplication in 2.315 seconds (process running for 3.008)
2023-01-07 16:11:42,489 INFO [main] Starting MypredlozhkabotApplication using Java 18 with PID 12064 (C:\Users\User\Desktop\MyPredlozhkaBot\target\classes started by User in C:\Users\User\Desktop\MyPredlozhkaBot)
2023-01-07 16:11:42,492 DEBUG [main] Running with Spring Boot v3.0.1, Spring v6.0.3
2023-01-07 16:11:42,493 INFO [main] No active profile set, falling back to 1 default profile: "default"
2023-01-07 16:11:44,170 INFO [main] Started MypredlozhkabotApplication in 2.14 seconds (process running for 2.902)
2023-01-07 16:46:05,012 INFO [main] Starting MypredlozhkabotApplication using Java 18 with PID 14840 (C:\Users\User\Desktop\MyPredlozhkaBot\target\classes started by User in C:\Users\User\Desktop\MyPredlozhkaBot)
2023-01-07 16:46:05,014 DEBUG [main] Running with Spring Boot v3.0.1, Spring v6.0.3
2023-01-07 16:46:05,015 INFO [main] No active profile set, falling back to 1 default profile: "default"
2023-01-07 16:46:06,856 INFO [main] Started MypredlozhkabotApplication in 2.333 seconds (process running for 3.05)
2023-01-07 16:58:51,520 INFO [main] Starting MypredlozhkabotApplication using Java 18 with PID 2504 (C:\Users\User\Desktop\MyPredlozhkaBot\target\classes started by User in C:\Users\User\Desktop\MyPredlozhkaBot)
2023-01-07 16:58:51,522 DEBUG [main] Running with Spring Boot v3.0.1, Spring v6.0.3
2023-01-07 16:58:51,523 INFO [main] No active profile set, falling back to 1 default profile: "default"
2023-01-07 16:58:53,264 INFO [main] Started MypredlozhkabotApplication in 2.205 seconds (process running for 2.963)
2023-01-07 17:03:59,582 INFO [main] Starting MypredlozhkabotApplication using Java 18 with PID 3300 (C:\Users\User\Desktop\MyPredlozhkaBot\target\classes started by User in C:\Users\User\Desktop\MyPredlozhkaBot)
2023-01-07 17:03:59,585 DEBUG [main] Running with Spring Boot v3.0.1, Spring v6.0.3
2023-01-07 17:03:59,586 INFO [main] No active profile set, falling back to 1 default profile: "default"
2023-01-07 17:04:01,428 INFO [main] Started MypredlozhkabotApplication in 2.438 seconds (process running for 3.114)
2023-01-07 20:24:32,621 INFO [main] Starting MypredlozhkabotApplication using Java 18 with PID 12500 (C:\Users\User\Desktop\MyPredlozhkaBot\target\classes started by User in C:\Users\User\Desktop\MyPredlozhkaBot)
2023-01-07 20:24:32,624 DEBUG [main] Running with Spring Boot v3.0.1, Spring v6.0.3
2023-01-07 20:24:32,625 INFO [main] No active profile set, falling back to 1 default profile: "default"
2023-01-07 20:24:34,107 ERROR [main] 

***************************
APPLICATION FAILED TO START
***************************

Description:

Field generator in com.ognevoydev.mypredlozhkabot.handler.impl.MainPostHandler required a bean of type 'com.ognevoydev.mypredlozhkabot.utils.generator.MediaGenerator' that could not be found.

The injection point has the following annotations:
	- @org.springframework.beans.factory.annotation.Autowired(required=true)


Action:

Consider defining a bean of type 'com.ognevoydev.mypredlozhkabot.utils.generator.MediaGenerator' in your configuration.

2023-01-07 20:25:25,385 INFO [main] Starting MypredlozhkabotApplication using Java 18 with PID 8272 (C:\Users\User\Desktop\MyPredlozhkaBot\target\classes started by User in C:\Users\User\Desktop\MyPredlozhkaBot)
2023-01-07 20:25:25,387 DEBUG [main] Running with Spring Boot v3.0.1, Spring v6.0.3
2023-01-07 20:25:25,389 INFO [main] No active profile set, falling back to 1 default profile: "default"
2023-01-07 20:25:26,616 ERROR [main] 

***************************
APPLICATION FAILED TO START
***************************

Description:

Field generator in com.ognevoydev.mypredlozhkabot.handler.impl.MainPostHandler required a single bean, but 3 were found:
	- sendAnimationGenerator: defined in file [C:\Users\User\Desktop\MyPredlozhkaBot\target\classes\com\ognevoydev\mypredlozhkabot\utils\generator\SendAnimationGenerator.class]
	- sendPhotoGenerator: defined in file [C:\Users\User\Desktop\MyPredlozhkaBot\target\classes\com\ognevoydev\mypredlozhkabot\utils\generator\SendPhotoGenerator.class]
	- sendVideoGenerator: defined in file [C:\Users\User\Desktop\MyPredlozhkaBot\target\classes\com\ognevoydev\mypredlozhkabot\utils\generator\SendVideoGenerator.class]


Action:

Consider marking one of the beans as @Primary, updating the consumer to accept multiple beans, or using @Qualifier to identify the bean that should be consumed

2023-01-07 20:28:39,847 INFO [main] Starting MypredlozhkabotApplication using Java 18 with PID 8520 (C:\Users\User\Desktop\MyPredlozhkaBot\target\classes started by User in C:\Users\User\Desktop\MyPredlozhkaBot)
2023-01-07 20:28:39,850 DEBUG [main] Running with Spring Boot v3.0.1, Spring v6.0.3
2023-01-07 20:28:39,851 INFO [main] No active profile set, falling back to 1 default profile: "default"
2023-01-07 20:28:41,661 INFO [main] Started MypredlozhkabotApplication in 2.302 seconds (process running for 3.154)
2023-01-07 20:40:36,102 INFO [main] Starting MypredlozhkabotApplication using Java 18 with PID 17236 (C:\Users\User\Desktop\MyPredlozhkaBot\target\classes started by User in C:\Users\User\Desktop\MyPredlozhkaBot)
2023-01-07 20:40:36,106 DEBUG [main] Running with Spring Boot v3.0.1, Spring v6.0.3
2023-01-07 20:40:36,107 INFO [main] No active profile set, falling back to 1 default profile: "default"
2023-01-07 20:40:38,553 INFO [main] Started MypredlozhkabotApplication in 3.217 seconds (process running for 4.516)
2023-01-07 21:21:00,626 INFO [main] Starting MypredlozhkabotApplication using Java 18 with PID 5492 (C:\Users\User\Desktop\MyPredlozhkaBot\target\classes started by User in C:\Users\User\Desktop\MyPredlozhkaBot)
2023-01-07 21:21:00,629 DEBUG [main] Running with Spring Boot v3.0.1, Spring v6.0.3
2023-01-07 21:21:00,630 INFO [main] No active profile set, falling back to 1 default profile: "default"
2023-01-07 21:21:03,110 INFO [main] Started MypredlozhkabotApplication in 3.199 seconds (process running for 4.142)
2023-01-07 23:46:53,654 INFO [main] Starting MypredlozhkabotApplication using Java 18 with PID 9304 (C:\Users\User\Desktop\MyPredlozhkaBot\target\classes started by User in C:\Users\User\Desktop\MyPredlozhkaBot)
2023-01-07 23:46:53,657 DEBUG [main] Running with Spring Boot v3.0.1, Spring v6.0.3
2023-01-07 23:46:53,659 INFO [main] No active profile set, falling back to 1 default profile: "default"
2023-01-07 23:46:55,544 INFO [main] Started MypredlozhkabotApplication in 2.518 seconds (process running for 3.465)
2023-01-07 23:47:18,031 ERROR [MyPredlozhkaBot Telegram Executor] class org.telegram.telegrambots.meta.api.methods.send.SendPhoto cannot be cast to class org.telegram.telegrambots.meta.api.methods.send.SendDocument (org.telegram.telegrambots.meta.api.methods.send.SendPhoto and org.telegram.telegrambots.meta.api.methods.send.SendDocument are in unnamed module of loader 'app')
java.lang.ClassCastException: class org.telegram.telegrambots.meta.api.methods.send.SendPhoto cannot be cast to class org.telegram.telegrambots.meta.api.methods.send.SendDocument (org.telegram.telegrambots.meta.api.methods.send.SendPhoto and org.telegram.telegrambots.meta.api.methods.send.SendDocument are in unnamed module of loader 'app')
	at com.ognevoydev.mypredlozhkabot.bot.ChatManager.send(ChatManager.java:34)
	at com.ognevoydev.mypredlozhkabot.bot.ChatManager.sendMessage(ChatManager.java:21)
	at com.ognevoydev.mypredlozhkabot.bot.MyPredlozhkaBot.lambda$onUpdateReceived$0(MyPredlozhkaBot.java:32)
	at java.base/java.util.Optional.ifPresent(Optional.java:178)
	at com.ognevoydev.mypredlozhkabot.bot.MyPredlozhkaBot.onUpdateReceived(MyPredlozhkaBot.java:30)
	at java.base/java.util.ArrayList.forEach(ArrayList.java:1511)
	at org.telegram.telegrambots.meta.generics.LongPollingBot.onUpdatesReceived(LongPollingBot.java:27)
	at org.telegram.telegrambots.updatesreceivers.DefaultBotSession$HandlerThread.run(DefaultBotSession.java:317)
2023-01-07 23:47:20,624 ERROR [MyPredlozhkaBot Telegram Executor] class org.telegram.telegrambots.meta.api.methods.send.SendPhoto cannot be cast to class org.telegram.telegrambots.meta.api.methods.send.SendDocument (org.telegram.telegrambots.meta.api.methods.send.SendPhoto and org.telegram.telegrambots.meta.api.methods.send.SendDocument are in unnamed module of loader 'app')
java.lang.ClassCastException: class org.telegram.telegrambots.meta.api.methods.send.SendPhoto cannot be cast to class org.telegram.telegrambots.meta.api.methods.send.SendDocument (org.telegram.telegrambots.meta.api.methods.send.SendPhoto and org.telegram.telegrambots.meta.api.methods.send.SendDocument are in unnamed module of loader 'app')
	at com.ognevoydev.mypredlozhkabot.bot.ChatManager.send(ChatManager.java:34)
	at com.ognevoydev.mypredlozhkabot.bot.ChatManager.sendMessage(ChatManager.java:21)
	at com.ognevoydev.mypredlozhkabot.bot.MyPredlozhkaBot.lambda$onUpdateReceived$0(MyPredlozhkaBot.java:32)
	at java.base/java.util.Optional.ifPresent(Optional.java:178)
	at com.ognevoydev.mypredlozhkabot.bot.MyPredlozhkaBot.onUpdateReceived(MyPredlozhkaBot.java:30)
	at java.base/java.util.ArrayList.forEach(ArrayList.java:1511)
	at org.telegram.telegrambots.meta.generics.LongPollingBot.onUpdatesReceived(LongPollingBot.java:27)
	at org.telegram.telegrambots.updatesreceivers.DefaultBotSession$HandlerThread.run(DefaultBotSession.java:317)
2023-01-07 23:48:18,611 INFO [main] Starting MypredlozhkabotApplication using Java 18 with PID 6836 (C:\Users\User\Desktop\MyPredlozhkaBot\target\classes started by User in C:\Users\User\Desktop\MyPredlozhkaBot)
2023-01-07 23:48:18,613 DEBUG [main] Running with Spring Boot v3.0.1, Spring v6.0.3
2023-01-07 23:48:18,614 INFO [main] No active profile set, falling back to 1 default profile: "default"
2023-01-07 23:48:20,437 INFO [main] Started MypredlozhkabotApplication in 2.464 seconds (process running for 3.251)
2023-01-07 23:48:23,961 ERROR [MyPredlozhkaBot Telegram Executor] class org.telegram.telegrambots.meta.api.methods.send.SendPhoto cannot be cast to class org.telegram.telegrambots.meta.api.methods.send.SendMessage (org.telegram.telegrambots.meta.api.methods.send.SendPhoto and org.telegram.telegrambots.meta.api.methods.send.SendMessage are in unnamed module of loader 'app')
java.lang.ClassCastException: class org.telegram.telegrambots.meta.api.methods.send.SendPhoto cannot be cast to class org.telegram.telegrambots.meta.api.methods.send.SendMessage (org.telegram.telegrambots.meta.api.methods.send.SendPhoto and org.telegram.telegrambots.meta.api.methods.send.SendMessage are in unnamed module of loader 'app')
	at com.ognevoydev.mypredlozhkabot.bot.ChatManager.send(ChatManager.java:36)
	at com.ognevoydev.mypredlozhkabot.bot.ChatManager.sendMessage(ChatManager.java:23)
	at com.ognevoydev.mypredlozhkabot.bot.MyPredlozhkaBot.lambda$onUpdateReceived$0(MyPredlozhkaBot.java:32)
	at java.base/java.util.Optional.ifPresent(Optional.java:178)
	at com.ognevoydev.mypredlozhkabot.bot.MyPredlozhkaBot.onUpdateReceived(MyPredlozhkaBot.java:30)
	at java.base/java.util.ArrayList.forEach(ArrayList.java:1511)
	at org.telegram.telegrambots.meta.generics.LongPollingBot.onUpdatesReceived(LongPollingBot.java:27)
	at org.telegram.telegrambots.updatesreceivers.DefaultBotSession$HandlerThread.run(DefaultBotSession.java:317)
2023-01-07 23:48:26,443 ERROR [MyPredlozhkaBot Telegram Executor] class org.telegram.telegrambots.meta.api.methods.send.SendPhoto cannot be cast to class org.telegram.telegrambots.meta.api.methods.send.SendMessage (org.telegram.telegrambots.meta.api.methods.send.SendPhoto and org.telegram.telegrambots.meta.api.methods.send.SendMessage are in unnamed module of loader 'app')
java.lang.ClassCastException: class org.telegram.telegrambots.meta.api.methods.send.SendPhoto cannot be cast to class org.telegram.telegrambots.meta.api.methods.send.SendMessage (org.telegram.telegrambots.meta.api.methods.send.SendPhoto and org.telegram.telegrambots.meta.api.methods.send.SendMessage are in unnamed module of loader 'app')
	at com.ognevoydev.mypredlozhkabot.bot.ChatManager.send(ChatManager.java:36)
	at com.ognevoydev.mypredlozhkabot.bot.ChatManager.sendMessage(ChatManager.java:23)
	at com.ognevoydev.mypredlozhkabot.bot.MyPredlozhkaBot.lambda$onUpdateReceived$0(MyPredlozhkaBot.java:32)
	at java.base/java.util.Optional.ifPresent(Optional.java:178)
	at com.ognevoydev.mypredlozhkabot.bot.MyPredlozhkaBot.onUpdateReceived(MyPredlozhkaBot.java:30)
	at java.base/java.util.ArrayList.forEach(ArrayList.java:1511)
	at org.telegram.telegrambots.meta.generics.LongPollingBot.onUpdatesReceived(LongPollingBot.java:27)
	at org.telegram.telegrambots.updatesreceivers.DefaultBotSession$HandlerThread.run(DefaultBotSession.java:317)
